<?xml version='1.0'?>
<ns2:test-suite xmlns:ns2='urn:model.allure.qatools.yandex.ru' start='1558043400815' stop='1558043411762'>
    <name>webdriver.io page</name>
    <title>webdriver.io page</title>
    <test-cases>
        <test-case start='1558043400815' status='pending' stop='1558043400815'>
            <name>should have nav item BURGER BUILDER</name>
            <title>should have nav item BURGER BUILDER</title>
            <labels/>
            <parameters/>
            <steps/>
            <attachments/>
            <failure>
                <message>Test ignored</message>
                <stack-trace>undefined</stack-trace>
            </failure>
        </test-case>
        <test-case start='1558043400816' status='pending' stop='1558043400816'>
            <name>while not authenticated, should have nav item SIGN IN</name>
            <title>while not authenticated, should have nav item SIGN IN</title>
            <labels/>
            <parameters/>
            <steps/>
            <attachments/>
            <failure>
                <message>Test ignored</message>
                <stack-trace>undefined</stack-trace>
            </failure>
        </test-case>
        <test-case start='1558043400816' status='broken' stop='1558043411761'>
            <name>while authenticated, should have nav item SIGN OUT</name>
            <title>while authenticated, should have nav item SIGN OUT</title>
            <labels>
                <label name='language' value='javascript'/>
                <label name='framework' value='wdio'/>
                <label name='thread' value='0-1'/>
            </labels>
            <parameters>
                <parameter kind='argument' name='browser' value='chrome'/>
            </parameters>
            <steps>
                <step start='1558043400819' status='passed' stop='1558043401656'>
                    <name>POST /session/:sessionId/url</name>
                    <title>POST /session/:sessionId/url</title>
                    <attachments>
                        <attachment title='Request' source='686a7491-7ce4-4ee2-a2e1-ccc4472e5a13-attachment.json' type='application/json' size='52'/>
                    </attachments>
                    <steps/>
                </step>
                <step start='1558043401657' status='passed' stop='1558043401679'>
                    <name>POST /session/:sessionId/element</name>
                    <title>POST /session/:sessionId/element</title>
                    <attachments>
                        <attachment title='Request' source='d02f13bd-5353-4959-9dc6-2361f8ae14bd-attachment.json' type='application/json' size='74'/>
                        <attachment title='Response' source='d742b747-4881-4a49-8c2b-a1d7842bbb55-attachment.json' type='application/json' size='42'/>
                    </attachments>
                    <steps/>
                </step>
                <step start='1558043401710' status='passed' stop='1558043401755'>
                    <name>POST /session/:sessionId/element/0.0017696718384943022-1/click</name>
                    <title>POST /session/:sessionId/element/0.0017696718384943022-1/click</title>
                    <attachments/>
                    <steps/>
                </step>
            </steps>
            <attachments/>
            <failure>
                <message>document is not defined</message>
                <stack-trace>ReferenceError: document is not defined
                    at Context.it (/Users/jimwatkins/Udemy/React-Router-Redux-Etc/burger/test/specs/nav.spec.js:30:25)</stack-trace>
            </failure>
        </test-case>
    </test-cases>
</ns2:test-suite>