<?xml version='1.0'?>
<ns2:test-suite xmlns:ns2='urn:model.allure.qatools.yandex.ru' start='1558372529407' stop='1558372530242'>
    <name>webdriver.io page</name>
    <title>webdriver.io page</title>
    <test-cases>
        <test-case start='1558372529408' status='passed' stop='1558372530044'>
            <name>"before all" hook</name>
            <title>"before all" hook</title>
            <labels>
                <label name='language' value='javascript'/>
                <label name='framework' value='wdio'/>
                <label name='thread' value='0-1'/>
            </labels>
            <parameters>
                <parameter kind='argument' name='browser' value='chrome'/>
            </parameters>
            <steps>
                <step start='1558372529411' status='passed' stop='1558372530044'>
                    <name>POST /session/:sessionId/url</name>
                    <title>POST /session/:sessionId/url</title>
                    <attachments>
                        <attachment title='Request' source='c0b4578e-ef42-46c3-a4e2-e1c7b27697cc-attachment.json' type='application/json' size='52'/>
                    </attachments>
                    <steps/>
                </step>
            </steps>
            <attachments/>
        </test-case>
        <test-case start='1558372530045' status='passed' stop='1558372530240'>
            <name>should have nav item BURGER BUILDER</name>
            <title>should have nav item BURGER BUILDER</title>
            <labels>
                <label name='language' value='javascript'/>
                <label name='framework' value='wdio'/>
                <label name='thread' value='0-1'/>
            </labels>
            <parameters>
                <parameter kind='argument' name='browser' value='chrome'/>
            </parameters>
            <steps>
                <step start='1558372530047' status='passed' stop='1558372530075'>
                    <name>POST /session/:sessionId/element</name>
                    <title>POST /session/:sessionId/element</title>
                    <attachments>
                        <attachment title='Request' source='c683345d-2a28-4320-b6b2-93c8fa933145-attachment.json' type='application/json' size='81'/>
                        <attachment title='Response' source='ff633d03-a1db-494e-8407-284488133d7a-attachment.json' type='application/json' size='39'/>
                    </attachments>
                    <steps/>
                </step>
                <step start='1558372530129' status='passed' stop='1558372530196'>
                    <name>POST /session/:sessionId/element</name>
                    <title>POST /session/:sessionId/element</title>
                    <attachments>
                        <attachment title='Request' source='d1472f45-658e-4a7f-beff-ca17ad1e8f3f-attachment.json' type='application/json' size='81'/>
                        <attachment title='Response' source='3a6b4c3b-a851-49af-9d17-85a795086851-attachment.json' type='application/json' size='39'/>
                    </attachments>
                    <steps/>
                </step>
                <step start='1558372530203' status='passed' stop='1558372530217'>
                    <name>GET /session/:sessionId/element/0.8675294981936403-1/css/background-color</name>
                    <title>GET /session/:sessionId/element/0.8675294981936403-1/css/background-color</title>
                    <attachments>
                        <attachment title='Response' source='0b65d551-d7b8-4628-a126-4801af675f53-attachment.json' type='application/json' size='20'/>
                    </attachments>
                    <steps/>
                </step>
                <step start='1558372530219' status='passed' stop='1558372530239'>
                    <name>GET /session/:sessionId/element/0.8675294981936403-1/text</name>
                    <title>GET /session/:sessionId/element/0.8675294981936403-1/text</title>
                    <attachments>
                        <attachment title='Response' source='cdb5ad70-b81a-4efd-b234-9d0b09c004ac-attachment.json' type='application/json' size='16'/>
                    </attachments>
                    <steps/>
                </step>
            </steps>
            <attachments/>
        </test-case>
        <test-case start='1558372530241' status='pending' stop='1558372530241'>
            <name>while not authenticated should have nav item SIGN IN</name>
            <title>while not authenticated should have nav item SIGN IN</title>
            <labels/>
            <parameters/>
            <steps/>
            <attachments/>
            <failure>
                <message>Test ignored</message>
                <stack-trace>undefined</stack-trace>
            </failure>
        </test-case>
        <test-case start='1558372530241' status='pending' stop='1558372530241'>
            <name>while authenticated should have nav item ORDERS</name>
            <title>while authenticated should have nav item ORDERS</title>
            <labels/>
            <parameters/>
            <steps/>
            <attachments/>
            <failure>
                <message>Test ignored</message>
                <stack-trace>undefined</stack-trace>
            </failure>
        </test-case>
        <test-case start='1558372530242' status='pending' stop='1558372530242'>
            <name>while authenticated should have nav item SIGN OUT</name>
            <title>while authenticated should have nav item SIGN OUT</title>
            <labels/>
            <parameters/>
            <steps/>
            <attachments/>
            <failure>
                <message>Test ignored</message>
                <stack-trace>undefined</stack-trace>
            </failure>
        </test-case>
        <test-case start='1558372530242' status='pending' stop='1558372530242'>
            <name>while authenticated should still have nav item BURGER BUILDER</name>
            <title>while authenticated should still have nav item BURGER BUILDER</title>
            <labels/>
            <parameters/>
            <steps/>
            <attachments/>
            <failure>
                <message>Test ignored</message>
                <stack-trace>undefined</stack-trace>
            </failure>
        </test-case>
        <test-case start='1558372530242' status='pending' stop='1558372530242'>
            <name>while BURGER BUILDER link is the active link the backround color is rgba(238, 0, 0, 1)</name>
            <title>while BURGER BUILDER link is the active link the backround color is rgba(238, 0, 0, 1)</title>
            <labels/>
            <parameters/>
            <steps/>
            <attachments/>
            <failure>
                <message>Test ignored</message>
                <stack-trace>undefined</stack-trace>
            </failure>
        </test-case>
    </test-cases>
</ns2:test-suite>