<?xml version='1.0'?>
<ns2:test-suite xmlns:ns2='urn:model.allure.qatools.yandex.ru' start='1558043907720' stop='1558043907724'>
    <name>webdriver.io page</name>
    <title>webdriver.io page</title>
    <test-cases>
        <test-case start='1558043907720' status='pending' stop='1558043907720'>
            <name>should have nav item BURGER BUILDER</name>
            <title>should have nav item BURGER BUILDER</title>
            <labels/>
            <parameters/>
            <steps/>
            <attachments/>
            <failure>
                <message>Test ignored</message>
                <stack-trace>undefined</stack-trace>
            </failure>
        </test-case>
        <test-case start='1558043907720' status='pending' stop='1558043907720'>
            <name>while not authenticated should have nav item SIGN IN</name>
            <title>while not authenticated should have nav item SIGN IN</title>
            <labels/>
            <parameters/>
            <steps/>
            <attachments/>
            <failure>
                <message>Test ignored</message>
                <stack-trace>undefined</stack-trace>
            </failure>
        </test-case>
        <test-case start='1558043907721' status='broken' stop='1558043907723'>
            <name>while authenticated should have nav item ORDERS</name>
            <title>while authenticated should have nav item ORDERS</title>
            <labels>
                <label name='language' value='javascript'/>
                <label name='framework' value='wdio'/>
                <label name='thread' value='0-1'/>
            </labels>
            <parameters>
                <parameter kind='argument' name='browser' value='chrome'/>
            </parameters>
            <steps/>
            <attachments/>
            <failure>
                <message>this.logIn is not a function</message>
                <stack-trace>TypeError: this.logIn is not a function
                    at Context.it (/Users/jimwatkins/Udemy/React-Router-Redux-Etc/burger/test/specs/nav.spec.js:31:10)</stack-trace>
            </failure>
        </test-case>
    </test-cases>
</ns2:test-suite>