<?xml version='1.0'?>
<ns2:test-suite xmlns:ns2='urn:model.allure.qatools.yandex.ru' start='1558040798338' stop='1558040799016'>
    <name>webdriver.io page</name>
    <title>webdriver.io page</title>
    <test-cases>
        <test-case start='1558040798338' status='passed' stop='1558040798772'>
            <name>should have nav item BURGER BUILDER</name>
            <title>should have nav item BURGER BUILDER</title>
            <labels>
                <label name='language' value='javascript'/>
                <label name='framework' value='wdio'/>
                <label name='thread' value='0-1'/>
            </labels>
            <parameters>
                <parameter kind='argument' name='browser' value='chrome'/>
            </parameters>
            <steps>
                <step start='1558040798342' status='passed' stop='1558040798702'>
                    <name>POST /session/:sessionId/url</name>
                    <title>POST /session/:sessionId/url</title>
                    <attachments>
                        <attachment title='Request' source='25795287-486a-4e9f-b8ca-04fcc93ac393-attachment.json' type='application/json' size='52'/>
                    </attachments>
                    <steps/>
                </step>
                <step start='1558040798705' status='passed' stop='1558040798728'>
                    <name>POST /session/:sessionId/element</name>
                    <title>POST /session/:sessionId/element</title>
                    <attachments>
                        <attachment title='Request' source='6827102f-12b2-428a-a516-17811ce197b9-attachment.json' type='application/json' size='81'/>
                        <attachment title='Response' source='ba6be1e8-2395-405a-9060-c57a7140cd9f-attachment.json' type='application/json' size='40'/>
                    </attachments>
                    <steps/>
                </step>
                <step start='1558040798749' status='passed' stop='1558040798772'>
                    <name>GET /session/:sessionId/element/0.18402632977154076-1/text</name>
                    <title>GET /session/:sessionId/element/0.18402632977154076-1/text</title>
                    <attachments>
                        <attachment title='Response' source='bf2c198b-5a37-489c-8fcd-ba4f8679f07d-attachment.json' type='application/json' size='16'/>
                    </attachments>
                    <steps/>
                </step>
            </steps>
            <attachments/>
        </test-case>
        <test-case start='1558040798773' status='passed' stop='1558040798895'>
            <name>while not authenticated, should have nav item SIGN IN</name>
            <title>while not authenticated, should have nav item SIGN IN</title>
            <labels>
                <label name='language' value='javascript'/>
                <label name='framework' value='wdio'/>
                <label name='thread' value='0-1'/>
            </labels>
            <parameters>
                <parameter kind='argument' name='browser' value='chrome'/>
            </parameters>
            <steps>
                <step start='1558040798773' status='passed' stop='1558040798843'>
                    <name>POST /session/:sessionId/url</name>
                    <title>POST /session/:sessionId/url</title>
                    <attachments>
                        <attachment title='Request' source='0330d910-47d7-4e46-b5df-7dde57745397-attachment.json' type='application/json' size='52'/>
                    </attachments>
                    <steps/>
                </step>
                <step start='1558040798843' status='passed' stop='1558040798861'>
                    <name>POST /session/:sessionId/element</name>
                    <title>POST /session/:sessionId/element</title>
                    <attachments>
                        <attachment title='Request' source='9efd5041-8745-4a3e-a71d-7002c21a7aa1-attachment.json' type='application/json' size='74'/>
                        <attachment title='Response' source='5348b1e0-ac21-4012-961f-8f204d498657-attachment.json' type='application/json' size='40'/>
                    </attachments>
                    <steps/>
                </step>
                <step start='1558040798869' status='passed' stop='1558040798895'>
                    <name>GET /session/:sessionId/element/0.16612905068182426-1/text</name>
                    <title>GET /session/:sessionId/element/0.16612905068182426-1/text</title>
                    <attachments>
                        <attachment title='Response' source='febd1241-da62-41be-9b1b-16a1177ebec2-attachment.json' type='application/json' size='9'/>
                    </attachments>
                    <steps/>
                </step>
            </steps>
            <attachments/>
        </test-case>
        <test-case start='1558040798895' status='failed' stop='1558040799015'>
            <name>while not authenticated, should not have nav item ORDERS</name>
            <title>while not authenticated, should not have nav item ORDERS</title>
            <labels>
                <label name='language' value='javascript'/>
                <label name='framework' value='wdio'/>
                <label name='thread' value='0-1'/>
            </labels>
            <parameters>
                <parameter kind='argument' name='browser' value='chrome'/>
            </parameters>
            <steps>
                <step start='1558040798896' status='passed' stop='1558040798969'>
                    <name>POST /session/:sessionId/url</name>
                    <title>POST /session/:sessionId/url</title>
                    <attachments>
                        <attachment title='Request' source='c869f3be-5606-4f22-ba00-f4819128b381-attachment.json' type='application/json' size='52'/>
                    </attachments>
                    <steps/>
                </step>
                <step start='1558040798970' status='passed' stop='1558040799002'>
                    <name>POST /session/:sessionId/element</name>
                    <title>POST /session/:sessionId/element</title>
                    <attachments>
                        <attachment title='Request' source='e3e5118d-0574-4829-adec-706cd913ff15-attachment.json' type='application/json' size='73'/>
                        <attachment title='Response' source='21806766-6179-452c-beb4-c716cc7b96b8-attachment.json' type='application/json' size='297'/>
                    </attachments>
                    <steps/>
                </step>
            </steps>
            <attachments/>
            <failure>
                <message>Element {
                  sessionId: '9d7184efbc75451463fca5d14d2ee343',
                  error:
                   { message:
                      'no such element: Unable to locate el... == 'ORDERS'</message>
                <stack-trace>AssertionError [ERR_ASSERTION]: Element {
                  sessionId: '9d7184efbc75451463fca5d14d2ee343',
                  error:
                   { message:
                      'no such element: Unable to locate el... == 'ORDERS'
                    at Context.it (/Users/jimwatkins/Udemy/React-Router-Redux-Etc/burger/test/specs/nav.spec.js:20:12)</stack-trace>
            </failure>
        </test-case>
    </test-cases>
</ns2:test-suite>