<?xml version='1.0'?>
<ns2:test-suite xmlns:ns2='urn:model.allure.qatools.yandex.ru' start='1558040367195' stop='1558040368020'>
    <name>webdriver.io page</name>
    <title>webdriver.io page</title>
    <test-cases>
        <test-case start='1558040367196' status='failed' stop='1558040368019'>
            <name>should have the right title</name>
            <title>should have the right title</title>
            <labels>
                <label name='language' value='javascript'/>
                <label name='framework' value='wdio'/>
                <label name='thread' value='0-1'/>
            </labels>
            <parameters>
                <parameter kind='argument' name='browser' value='chrome'/>
            </parameters>
            <steps>
                <step start='1558040367199' status='passed' stop='1558040367918'>
                    <name>POST /session/:sessionId/url</name>
                    <title>POST /session/:sessionId/url</title>
                    <attachments>
                        <attachment title='Request' source='e524a2a2-b6f8-47bc-abd3-ba83071c072b-attachment.json' type='application/json' size='52'/>
                    </attachments>
                    <steps/>
                </step>
                <step start='1558040367920' status='passed' stop='1558040367940'>
                    <name>POST /session/:sessionId/element</name>
                    <title>POST /session/:sessionId/element</title>
                    <attachments>
                        <attachment title='Request' source='119bf657-8ecf-4faa-86ee-2c0933c167b2-attachment.json' type='application/json' size='81'/>
                        <attachment title='Response' source='4277723e-fac2-4b83-894b-3c5c7a538e65-attachment.json' type='application/json' size='39'/>
                    </attachments>
                    <steps/>
                </step>
                <step start='1558040367978' status='passed' stop='1558040368014'>
                    <name>GET /session/:sessionId/element/0.4929639130433441-1/text</name>
                    <title>GET /session/:sessionId/element/0.4929639130433441-1/text</title>
                    <attachments>
                        <attachment title='Response' source='4f03feef-cad0-41af-b78f-711fe5f0b1db-attachment.json' type='application/json' size='16'/>
                    </attachments>
                    <steps/>
                </step>
            </steps>
            <attachments/>
            <failure>
                <message>Element {
                  sessionId: '51c506ca7754bc14a2350ac4c3f5ff8d',
                  elementId: '0.4929639130433441-1',
                  ELEMENT: '0.492963913043344... == 'BURGER BUILDER'</message>
                <stack-trace>AssertionError [ERR_ASSERTION]: Element {
                  sessionId: '51c506ca7754bc14a2350ac4c3f5ff8d',
                  elementId: '0.4929639130433441-1',
                  ELEMENT: '0.492963913043344... == 'BURGER BUILDER'
                    at Context.it (/Users/jimwatkins/Udemy/React-Router-Redux-Etc/burger/test/specs/nav.spec.js:8:12)</stack-trace>
            </failure>
        </test-case>
    </test-cases>
</ns2:test-suite>