<?xml version='1.0'?>
<ns2:test-suite xmlns:ns2='urn:model.allure.qatools.yandex.ru' start='1558043255854' stop='1558043257397'>
    <name>webdriver.io page</name>
    <title>webdriver.io page</title>
    <test-cases>
        <test-case start='1558043255855' status='pending' stop='1558043255855'>
            <name>should have nav item BURGER BUILDER</name>
            <title>should have nav item BURGER BUILDER</title>
            <labels/>
            <parameters/>
            <steps/>
            <attachments/>
            <failure>
                <message>Test ignored</message>
                <stack-trace>undefined</stack-trace>
            </failure>
        </test-case>
        <test-case start='1558043255855' status='pending' stop='1558043255855'>
            <name>while not authenticated, should have nav item SIGN IN</name>
            <title>while not authenticated, should have nav item SIGN IN</title>
            <labels/>
            <parameters/>
            <steps/>
            <attachments/>
            <failure>
                <message>Test ignored</message>
                <stack-trace>undefined</stack-trace>
            </failure>
        </test-case>
        <test-case start='1558043255855' status='broken' stop='1558043257396'>
            <name>while authenticated, should have nav item SIGN OUT</name>
            <title>while authenticated, should have nav item SIGN OUT</title>
            <labels>
                <label name='language' value='javascript'/>
                <label name='framework' value='wdio'/>
                <label name='thread' value='0-1'/>
            </labels>
            <parameters>
                <parameter kind='argument' name='browser' value='chrome'/>
            </parameters>
            <steps>
                <step start='1558043255859' status='passed' stop='1558043256287'>
                    <name>POST /session/:sessionId/url</name>
                    <title>POST /session/:sessionId/url</title>
                    <attachments>
                        <attachment title='Request' source='0e5ff1d7-022e-4ed6-9fd9-4ff4453abae9-attachment.json' type='application/json' size='52'/>
                    </attachments>
                    <steps/>
                </step>
                <step start='1558043256289' status='passed' stop='1558043256307'>
                    <name>POST /session/:sessionId/element</name>
                    <title>POST /session/:sessionId/element</title>
                    <attachments>
                        <attachment title='Request' source='310d5a34-a1f4-4e5d-8e6e-d613fa542590-attachment.json' type='application/json' size='74'/>
                        <attachment title='Response' source='d81123ef-33c3-47b7-9715-fd36a030cdf2-attachment.json' type='application/json' size='39'/>
                    </attachments>
                    <steps/>
                </step>
                <step start='1558043256326' status='passed' stop='1558043256389'>
                    <name>POST /session/:sessionId/element/0.8030385643620241-1/click</name>
                    <title>POST /session/:sessionId/element/0.8030385643620241-1/click</title>
                    <attachments/>
                    <steps/>
                </step>
            </steps>
            <attachments/>
            <failure>
                <message>document is not defined</message>
                <stack-trace>ReferenceError: document is not defined
                    at Context.it (/Users/jimwatkins/Udemy/React-Router-Redux-Etc/burger/test/specs/nav.spec.js:30:25)</stack-trace>
            </failure>
        </test-case>
    </test-cases>
</ns2:test-suite>