<?xml version='1.0'?>
<ns2:test-suite xmlns:ns2='urn:model.allure.qatools.yandex.ru' start='1558043187995' stop='1558043189384'>
    <name>webdriver.io page</name>
    <title>webdriver.io page</title>
    <test-cases>
        <test-case start='1558043187995' status='pending' stop='1558043187996'>
            <name>should have nav item BURGER BUILDER</name>
            <title>should have nav item BURGER BUILDER</title>
            <labels/>
            <parameters/>
            <steps/>
            <attachments/>
            <failure>
                <message>Test ignored</message>
                <stack-trace>undefined</stack-trace>
            </failure>
        </test-case>
        <test-case start='1558043187996' status='pending' stop='1558043187996'>
            <name>while not authenticated, should have nav item SIGN IN</name>
            <title>while not authenticated, should have nav item SIGN IN</title>
            <labels/>
            <parameters/>
            <steps/>
            <attachments/>
            <failure>
                <message>Test ignored</message>
                <stack-trace>undefined</stack-trace>
            </failure>
        </test-case>
        <test-case start='1558043187996' status='broken' stop='1558043189383'>
            <name>while authenticated, should have nav item SIGN OUT</name>
            <title>while authenticated, should have nav item SIGN OUT</title>
            <labels>
                <label name='language' value='javascript'/>
                <label name='framework' value='wdio'/>
                <label name='thread' value='0-1'/>
            </labels>
            <parameters>
                <parameter kind='argument' name='browser' value='chrome'/>
            </parameters>
            <steps>
                <step start='1558043188000' status='passed' stop='1558043189283'>
                    <name>POST /session/:sessionId/url</name>
                    <title>POST /session/:sessionId/url</title>
                    <attachments>
                        <attachment title='Request' source='e22e1917-3436-4c8b-a66d-7917ff1760d2-attachment.json' type='application/json' size='52'/>
                    </attachments>
                    <steps/>
                </step>
                <step start='1558043189285' status='passed' stop='1558043189304'>
                    <name>POST /session/:sessionId/element</name>
                    <title>POST /session/:sessionId/element</title>
                    <attachments>
                        <attachment title='Request' source='1e73b844-1be5-4c05-a1c3-4081d86b53b6-attachment.json' type='application/json' size='74'/>
                        <attachment title='Response' source='b0f0aa96-0f56-405a-9883-4ee8dbab0457-attachment.json' type='application/json' size='40'/>
                    </attachments>
                    <steps/>
                </step>
                <step start='1558043189327' status='passed' stop='1558043189380'>
                    <name>POST /session/:sessionId/element/0.41302005249902685-1/click</name>
                    <title>POST /session/:sessionId/element/0.41302005249902685-1/click</title>
                    <attachments/>
                    <steps/>
                </step>
            </steps>
            <attachments/>
            <failure>
                <message>document is not defined</message>
                <stack-trace>ReferenceError: document is not defined
                    at Context.it (/Users/jimwatkins/Udemy/React-Router-Redux-Etc/burger/test/specs/nav.spec.js:29:25)</stack-trace>
            </failure>
        </test-case>
    </test-cases>
</ns2:test-suite>